<?xml version="1.0" encoding="UTF-8"?>
<!-- Generated by org.testng.reporters.JUnitXMLReporter -->
<testsuite hostname="DESKTOP-C90RD6T" ignored="0" name="Default test" tests="3" failures="0" timestamp="2022-05-18T19:13:05 IST" time="0.13" errors="0">
  <testcase name="signIn" time="0.032" classname="testngproject.TestNGPARA4"/>
  <testcase name="login" time="0.002" classname="testngproject.TestNGPARA4"/>
  <testcase name="checkNotification" time="0.002" classname="testngproject.TestNGPARA4"/>
</testsuite> <!-- Default test -->
