<?xml version="1.0" encoding="UTF-8"?>
<testng-results skipped="0" failed="0" ignored="0" total="3" passed="3">
  <reporter-output>
  </reporter-output>
  <suite name="Default suite" duration-ms="130" started-at="2022-05-18T19:13:04 IST" finished-at="2022-05-18T19:13:04 IST">
    <groups>
    </groups>
    <test name="Default test" duration-ms="130" started-at="2022-05-18T19:13:04 IST" finished-at="2022-05-18T19:13:04 IST">
      <class name="testngproject.TestNGPARA4">
        <test-method status="PASS" signature="signIn()[pri:0, instance:testngproject.TestNGPARA4@1b68ddbd]" name="signIn" duration-ms="32" started-at="2022-05-18T19:13:04 IST" finished-at="2022-05-18T19:13:04 IST">
          <reporter-output>
          </reporter-output>
        </test-method> <!-- signIn -->
        <test-method status="PASS" signature="login()[pri:0, instance:testngproject.TestNGPARA4@1b68ddbd]" name="login" duration-ms="2" started-at="2022-05-18T19:13:04 IST" depends-on-methods="testngproject.TestNGPARA4.signIn" finished-at="2022-05-18T19:13:04 IST">
          <reporter-output>
          </reporter-output>
        </test-method> <!-- login -->
        <test-method status="PASS" signature="checkNotification()[pri:0, instance:testngproject.TestNGPARA4@1b68ddbd]" name="checkNotification" duration-ms="2" started-at="2022-05-18T19:13:04 IST" depends-on-methods="testngproject.TestNGPARA4.login" finished-at="2022-05-18T19:13:04 IST">
          <reporter-output>
          </reporter-output>
        </test-method> <!-- checkNotification -->
      </class> <!-- testngproject.TestNGPARA4 -->
    </test> <!-- Default test -->
  </suite> <!-- Default suite -->
</testng-results>
