<?xml version="1.0" encoding="UTF-8"?>
<testng-results skipped="0" failed="0" ignored="0" total="1" passed="1">
  <reporter-output>
  </reporter-output>
  <suite name="Default suite" duration-ms="128" started-at="2022-05-18T13:55:14Z" finished-at="2022-05-18T13:55:14Z">
    <groups>
    </groups>
    <test name="Default test" duration-ms="128" started-at="2022-05-18T13:55:14Z" finished-at="2022-05-18T13:55:14Z">
      <class name="TestNG4">
        <test-method status="PASS" signature="f()[pri:0, instance:TestNG4@14ec4505]" name="f" duration-ms="30" started-at="2022-05-18T13:55:14Z" finished-at="2022-05-18T13:55:14Z">
          <reporter-output>
          </reporter-output>
        </test-method> <!-- f -->
      </class> <!-- TestNG4 -->
    </test> <!-- Default test -->
  </suite> <!-- Default suite -->
</testng-results>
